WATCOM Make Version 10.5
Copyright by WATCOM International Corp. 1988, 1995. All rights reserved.
WATCOM is a trademark of WATCOM International Corp.

	wmake /h /f WIN1.WMK DEBUG=0

SET	INCLUDE	=	C:\WATCOM10\H;C:\WATCOM10\H\NT;C:\WATCOM10\H\WIN;C:\DXSDK\SDK\INC;C:\MFLIB1\HEADERS;\HEADERS;
SET	LIB	=	C:\WATCOM10\LIB;C:\WATCOM10\LIB386;C:\WATCOM10\LIB386\DOS;C:\DXSDK\SDK\LIB;C:\MFLIB1\LIBS

wpp386 @W_WIN1_R.occ  c:\mflib1\source\c\windows\file.CPP
c:\mflib1\source\c\windows\file.CPP(4): Warning! W701: (col 28) pre-compiled header file cannot be used ('C:\MFLIB1\HEADERS\MFHost.h' has been modified) 
wpp386 @W_WIN1_R.occ  c:\mflib1\source\c\windows\display.CPP
c:\mflib1\source\c\windows\display.CPP(151): Warning! W367: (col 44) conditional expression in if statement is always true 
wpp386 @W_WIN1_R.occ  c:\mflib1\source\c\common\dmodes.CPP
wpp386 @W_WIN1_R.occ  c:\mflib1\source\c\common\draw2d.CPP
wpp386 @W_WIN1_R.occ  c:\mflib1\source\c\common\drawbox.CPP
wpp386 @W_WIN1_R.occ  c:\mflib1\source\c\common\drawline.CPP
wpp386 @W_WIN1_R.occ  c:\mflib1\source\c\common\drawpnt.CPP
wpp386 @W_WIN1_R.occ  c:\mflib1\source\c\common\drawpxl.CPP
wpp386 @W_WIN1_R.occ  c:\mflib1\source\c\common\drawrect.CPP
wpp386 @W_WIN1_R.occ  c:\mflib1\source\c\windows\keyboard.CPP
wpp386 @W_WIN1_R.occ  c:\mflib1\source\c\windows\mem.CPP
wpp386 @W_WIN1_R.occ  c:\mflib1\source\c\windows\mfhost.CPP
wpp386 @W_WIN1_R.occ  c:\mflib1\source\c\windows\mouse.CPP
wpp386 @W_WIN1_R.occ  c:\mflib1\source\c\windows\palette.CPP
c:\mflib1\source\c\windows\palette.CPP(109): Warning! W367: (col 41) conditional expression in if statement is always true 
wpp386 @W_WIN1_R.occ  c:\mflib1\source\c\common\sprites.CPP
wpp386 @W_WIN1_R.occ  c:\mflib1\source\c\common\quicktxt.CPP
wpp386 @W_WIN1_R.occ  c:\mflib1\source\c\common\textdef.CPP
wpp386 @W_WIN1_R.occ  c:\mflib1\source\c\common\trig.CPP

Building W_WIN1_R.lib
Done.

All done.



	wmake /h /f WIN1.WMK DEBUG=1

SET	INCLUDE	=	C:\WATCOM10\H;C:\WATCOM10\H\NT;C:\WATCOM10\H\WIN;C:\DXSDK\SDK\INC;C:\MFLIB1\HEADERS;\HEADERS;
SET	LIB	=	C:\WATCOM10\LIB;C:\WATCOM10\LIB386;C:\WATCOM10\LIB386\DOS;C:\DXSDK\SDK\LIB;C:\MFLIB1\LIBS

wpp386 @W_WIN1_D.occ  c:\mflib1\source\c\windows\file.CPP
c:\mflib1\source\c\windows\file.CPP(4): Warning! W701: (col 28) pre-compiled header file cannot be used ('C:\MFLIB1\HEADERS\MFHost.h' has been modified) 
wpp386 @W_WIN1_D.occ  c:\mflib1\source\c\windows\display.CPP
c:\mflib1\source\c\windows\display.CPP(151): Warning! W367: (col 44) conditional expression in if statement is always true 
wpp386 @W_WIN1_D.occ  c:\mflib1\source\c\common\dmodes.CPP
c:\mflib1\source\c\common\dmodes.CPP(59): Warning! W014: (col 1) no reference to symbol 'width' 
c:\mflib1\source\c\common\dmodes.CPP(59): Note! N392: (col 1) 'unsigned long width' in 'int DisplayModeAvailable( unsigned long, unsigned long, unsigned long )' defined in: c:\mflib1\source\c\common\dmodes.CPP(40) (col 36) 
c:\mflib1\source\c\common\dmodes.CPP(59): Warning! W014: (col 1) no reference to symbol 'height' 
c:\mflib1\source\c\common\dmodes.CPP(59): Note! N392: (col 1) 'unsigned long height' in 'int DisplayModeAvailable( unsigned long, unsigned long, unsigned long )' defined in: c:\mflib1\source\c\common\dmodes.CPP(40) (col 49) 
c:\mflib1\source\c\common\dmodes.CPP(59): Warning! W014: (col 1) no reference to symbol 'depth' 
c:\mflib1\source\c\common\dmodes.CPP(59): Note! N392: (col 1) 'unsigned long depth' in 'int DisplayModeAvailable( unsigned long, unsigned long, unsigned long )' defined in: c:\mflib1\source\c\common\dmodes.CPP(40) (col 63) 
wpp386 @W_WIN1_D.occ  c:\mflib1\source\c\common\draw2d.CPP
wpp386 @W_WIN1_D.occ  c:\mflib1\source\c\common\drawbox.CPP
wpp386 @W_WIN1_D.occ  c:\mflib1\source\c\common\drawline.CPP
wpp386 @W_WIN1_D.occ  c:\mflib1\source\c\common\drawpnt.CPP
wpp386 @W_WIN1_D.occ  c:\mflib1\source\c\common\drawpxl.CPP
wpp386 @W_WIN1_D.occ  c:\mflib1\source\c\common\drawrect.CPP
wpp386 @W_WIN1_D.occ  c:\mflib1\source\c\windows\keyboard.CPP
wpp386 @W_WIN1_D.occ  c:\mflib1\source\c\windows\mem.CPP
wpp386 @W_WIN1_D.occ  c:\mflib1\source\c\windows\mfhost.CPP
wpp386 @W_WIN1_D.occ  c:\mflib1\source\c\windows\mouse.CPP
wpp386 @W_WIN1_D.occ  c:\mflib1\source\c\windows\palette.CPP
c:\mflib1\source\c\windows\palette.CPP(109): Warning! W367: (col 41) conditional expression in if statement is always true 
wpp386 @W_WIN1_D.occ  c:\mflib1\source\c\common\sprites.CPP
wpp386 @W_WIN1_D.occ  c:\mflib1\source\c\common\quicktxt.CPP
wpp386 @W_WIN1_D.occ  c:\mflib1\source\c\common\textdef.CPP
wpp386 @W_WIN1_D.occ  c:\mflib1\source\c\common\trig.CPP

Building W_WIN1_D.lib
Done.

All done.



	wmake /h /f DOS1.WMK DEBUG=0

SET	INCLUDE	=	C:\WATCOM10\H;C:\WATCOM10\H\NT;C:\WATCOM10\H\WIN;C:\DXSDK\SDK\INC;C:\MFLIB1\HEADERS;\HEADERS;
SET	LIB	=	C:\WATCOM10\LIB;C:\WATCOM10\LIB386;C:\WATCOM10\LIB386\DOS;C:\DXSDK\SDK\LIB;C:\MFLIB1\LIBS

wpp386 @W_DOS1_R.occ  c:\mflib1\source\c\dos\dfile.CPP
c:\mflib1\source\c\dos\dfile.CPP(4): Warning! W701: (col 28) pre-compiled header file cannot be used ('C:\MFLIB1\HEADERS\MFHost.h' has been modified) 
wpp386 @W_DOS1_R.occ  c:\mflib1\source\c\dos\dmem.CPP
wpp386 @W_DOS1_R.occ  c:\mflib1\source\c\dos\dmfhost.CPP

Building W_DOS1_R.lib
Done.

All done.



	wmake /h /f DOS1.WMK DEBUG=1

SET	INCLUDE	=	C:\WATCOM10\H;C:\WATCOM10\H\NT;C:\WATCOM10\H\WIN;C:\DXSDK\SDK\INC;C:\MFLIB1\HEADERS;\HEADERS;
SET	LIB	=	C:\WATCOM10\LIB;C:\WATCOM10\LIB386;C:\WATCOM10\LIB386\DOS;C:\DXSDK\SDK\LIB;C:\MFLIB1\LIBS

wpp386 @W_DOS1_D.occ  c:\mflib1\source\c\dos\dfile.CPP
c:\mflib1\source\c\dos\dfile.CPP(4): Warning! W701: (col 28) pre-compiled header file cannot be used ('C:\MFLIB1\HEADERS\MFHost.h' has been modified) 
wpp386 @W_DOS1_D.occ  c:\mflib1\source\c\dos\dmem.CPP
wpp386 @W_DOS1_D.occ  c:\mflib1\source\c\dos\dmfhost.CPP

Building W_DOS1_D.lib
Done.

All done.


