WATCOM Make Version 10.5
Copyright by WATCOM International Corp. 1988, 1995. All rights reserved.
WATCOM is a trademark of WATCOM International Corp.

	wmake /h /f WIN1.WMK DEBUG=0

SET	INCLUDE	=	C:\WATCOM10\H;C:\WATCOM10\H\NT;C:\WATCOM10\H\WIN;C:\DXSDK\SDK\INC;C:\MFLIB1\HEADERS;\HEADERS;
SET	LIB	=	C:\WATCOM10\LIB;C:\WATCOM10\LIB386;C:\WATCOM10\LIB386\DOS;C:\DXSDK\SDK\LIB;C:\MFLIB1\LIBS

wpp386 @W_WIN1_R.occ  c:\mflib1\source\c\windows\display.CPP
c:\mflib1\source\c\windows\display.CPP(156): Warning! W367: (col 44) conditional expression in if statement is always true 
wpp386 @W_WIN1_R.occ  c:\mflib1\source\c\common\draw2d.CPP

Building W_WIN1_R.lib
Done.

All done.



	wmake /h /f WIN1.WMK DEBUG=1

SET	INCLUDE	=	C:\WATCOM10\H;C:\WATCOM10\H\NT;C:\WATCOM10\H\WIN;C:\DXSDK\SDK\INC;C:\MFLIB1\HEADERS;\HEADERS;
SET	LIB	=	C:\WATCOM10\LIB;C:\WATCOM10\LIB386;C:\WATCOM10\LIB386\DOS;C:\DXSDK\SDK\LIB;C:\MFLIB1\LIBS

wpp386 @W_WIN1_D.occ  c:\mflib1\source\c\windows\display.CPP
c:\mflib1\source\c\windows\display.CPP(156): Warning! W367: (col 44) conditional expression in if statement is always true 
wpp386 @W_WIN1_D.occ  c:\mflib1\source\c\common\draw2d.CPP

Building W_WIN1_D.lib
Done.

All done.



	wmake /h /f DOS1.WMK DEBUG=0

SET	INCLUDE	=	C:\WATCOM10\H;C:\WATCOM10\H\NT;C:\WATCOM10\H\WIN;C:\DXSDK\SDK\INC;C:\MFLIB1\HEADERS;\HEADERS;
SET	LIB	=	C:\WATCOM10\LIB;C:\WATCOM10\LIB386;C:\WATCOM10\LIB386\DOS;C:\DXSDK\SDK\LIB;C:\MFLIB1\LIBS

wpp386 @W_DOS1_R.occ  c:\mflib1\source\c\dos\ddisplay.CPP
c:\mflib1\source\c\dos\ddisplay.CPP(187): Warning! W389: (col 25) integral value may be truncated during assignment or initialization 
c:\mflib1\source\c\dos\ddisplay.CPP(188): Warning! W389: (col 25) integral value may be truncated during assignment or initialization 
c:\mflib1\source\c\dos\ddisplay.CPP(330): Warning! W014: (col 1) no reference to symbol 'depth' 
c:\mflib1\source\c\dos\ddisplay.CPP(330): Note! N392: (col 1) 'unsigned long depth' in 'long SetDisplay( unsigned long, unsigned long, unsigned long )' defined in: c:\mflib1\source\c\dos\ddisplay.CPP(284) (col 51) 
c:\mflib1\source\c\dos\ddisplay.CPP(369): Warning! W014: (col 1) no reference to symbol 'flags' 
c:\mflib1\source\c\dos\ddisplay.CPP(369): Note! N392: (col 1) 'unsigned long flags' in 'void ShowWorkScreen( unsigned long )' defined in: c:\mflib1\source\c\dos\ddisplay.CPP(332) (col 30) 
c:\mflib1\source\c\dos\ddisplay.CPP(390): Warning! W014: (col 1) no reference to symbol 'colour' 
c:\mflib1\source\c\dos\ddisplay.CPP(390): Note! N392: (col 1) 'unsigned char colour' in 'void ClearWorkScreen( unsigned char )' defined in: c:\mflib1\source\c\dos\ddisplay.CPP(387) (col 31) 
c:\mflib1\source\c\dos\ddisplay.CPP(395): Warning! W014: (col 1) no reference to symbol 'mode' 
c:\mflib1\source\c\dos\ddisplay.CPP(395): Note! N392: (col 1) 'unsigned char mode' in 'void FadeDisplay( unsigned char )' defined in: c:\mflib1\source\c\dos\ddisplay.CPP(392) (col 27) 
c:\mflib1\source\c\dos\ddisplay.CPP(424): Warning! W389: (col 28) integral value may be truncated during assignment or initialization 
c:\mflib1\source\c\dos\ddisplay.CPP(456): Warning! W014: (col 1) no reference to symbol 'page' 
c:\mflib1\source\c\dos\ddisplay.CPP(456): Note! N392: (col 1) 'unsigned char page' in 'void ShowWorkWindow( unsigned long )' defined in: c:\mflib1\source\c\dos\ddisplay.CPP(417) (col 30) 
c:\mflib1\source\c\dos\ddisplay.CPP(456): Warning! W014: (col 1) no reference to symbol 'left_page' 
c:\mflib1\source\c\dos\ddisplay.CPP(456): Note! N392: (col 1) 'unsigned char left_page' in 'void ShowWorkWindow( unsigned long )' defined in: c:\mflib1\source\c\dos\ddisplay.CPP(417) (col 35) 
c:\mflib1\source\c\dos\ddisplay.CPP(456): Warning! W014: (col 1) no reference to symbol 'right_page' 
c:\mflib1\source\c\dos\ddisplay.CPP(456): Note! N392: (col 1) 'unsigned char right_page' in 'void ShowWorkWindow( unsigned long )' defined in: c:\mflib1\source\c\dos\ddisplay.CPP(417) (col 45) 
c:\mflib1\source\c\dos\ddisplay.CPP(456): Warning! W014: (col 1) no reference to symbol 'flags' 
c:\mflib1\source\c\dos\ddisplay.CPP(456): Note! N392: (col 1) 'unsigned long flags' in 'void ShowWorkWindow( unsigned long )' defined in: c:\mflib1\source\c\dos\ddisplay.CPP(413) (col 30) 
wpp386 @W_DOS1_R.occ  c:\mflib1\source\c\common\draw2d.CPP

Building W_DOS1_R.lib
Done.

All done.



	wmake /h /f DOS1.WMK DEBUG=1

SET	INCLUDE	=	C:\WATCOM10\H;C:\WATCOM10\H\NT;C:\WATCOM10\H\WIN;C:\DXSDK\SDK\INC;C:\MFLIB1\HEADERS;\HEADERS;
SET	LIB	=	C:\WATCOM10\LIB;C:\WATCOM10\LIB386;C:\WATCOM10\LIB386\DOS;C:\DXSDK\SDK\LIB;C:\MFLIB1\LIBS

wpp386 @W_DOS1_D.occ  c:\mflib1\source\c\dos\ddisplay.CPP
c:\mflib1\source\c\dos\ddisplay.CPP(187): Warning! W389: (col 25) integral value may be truncated during assignment or initialization 
c:\mflib1\source\c\dos\ddisplay.CPP(188): Warning! W389: (col 25) integral value may be truncated during assignment or initialization 
c:\mflib1\source\c\dos\ddisplay.CPP(330): Warning! W014: (col 1) no reference to symbol 'depth' 
c:\mflib1\source\c\dos\ddisplay.CPP(330): Note! N392: (col 1) 'unsigned long depth' in 'long SetDisplay( unsigned long, unsigned long, unsigned long )' defined in: c:\mflib1\source\c\dos\ddisplay.CPP(284) (col 51) 
c:\mflib1\source\c\dos\ddisplay.CPP(369): Warning! W014: (col 1) no reference to symbol 'flags' 
c:\mflib1\source\c\dos\ddisplay.CPP(369): Note! N392: (col 1) 'unsigned long flags' in 'void ShowWorkScreen( unsigned long )' defined in: c:\mflib1\source\c\dos\ddisplay.CPP(332) (col 30) 
c:\mflib1\source\c\dos\ddisplay.CPP(390): Warning! W014: (col 1) no reference to symbol 'colour' 
c:\mflib1\source\c\dos\ddisplay.CPP(390): Note! N392: (col 1) 'unsigned char colour' in 'void ClearWorkScreen( unsigned char )' defined in: c:\mflib1\source\c\dos\ddisplay.CPP(387) (col 31) 
c:\mflib1\source\c\dos\ddisplay.CPP(395): Warning! W014: (col 1) no reference to symbol 'mode' 
c:\mflib1\source\c\dos\ddisplay.CPP(395): Note! N392: (col 1) 'unsigned char mode' in 'void FadeDisplay( unsigned char )' defined in: c:\mflib1\source\c\dos\ddisplay.CPP(392) (col 27) 
c:\mflib1\source\c\dos\ddisplay.CPP(424): Warning! W389: (col 28) integral value may be truncated during assignment or initialization 
c:\mflib1\source\c\dos\ddisplay.CPP(456): Warning! W014: (col 1) no reference to symbol 'page' 
c:\mflib1\source\c\dos\ddisplay.CPP(456): Note! N392: (col 1) 'unsigned char page' in 'void ShowWorkWindow( unsigned long )' defined in: c:\mflib1\source\c\dos\ddisplay.CPP(417) (col 30) 
c:\mflib1\source\c\dos\ddisplay.CPP(456): Warning! W014: (col 1) no reference to symbol 'left_page' 
c:\mflib1\source\c\dos\ddisplay.CPP(456): Note! N392: (col 1) 'unsigned char left_page' in 'void ShowWorkWindow( unsigned long )' defined in: c:\mflib1\source\c\dos\ddisplay.CPP(417) (col 35) 
c:\mflib1\source\c\dos\ddisplay.CPP(456): Warning! W014: (col 1) no reference to symbol 'right_page' 
c:\mflib1\source\c\dos\ddisplay.CPP(456): Note! N392: (col 1) 'unsigned char right_page' in 'void ShowWorkWindow( unsigned long )' defined in: c:\mflib1\source\c\dos\ddisplay.CPP(417) (col 45) 
c:\mflib1\source\c\dos\ddisplay.CPP(456): Warning! W014: (col 1) no reference to symbol 'flags' 
c:\mflib1\source\c\dos\ddisplay.CPP(456): Note! N392: (col 1) 'unsigned long flags' in 'void ShowWorkWindow( unsigned long )' defined in: c:\mflib1\source\c\dos\ddisplay.CPP(413) (col 30) 
wpp386 @W_DOS1_D.occ  c:\mflib1\source\c\common\draw2d.CPP

Building W_DOS1_D.lib
Done.

All done.


